2025-02-14 21:15:35,505 - _main_ - INFO - Loading and preprocessing data...
2025-02-14 21:15:35,510 - _main_ - INFO - Preparing data loaders...
2025-02-14 21:15:35,510 - _main_ - INFO - Extracting text features...
2025-02-14 21:15:35,660 - _main_ - INFO - Extracting behavioral features...
2025-02-14 21:15:35,674 - _main_ - INFO - Training started
2025-02-14 21:16:01,858 - _main_ - INFO - Epoch 1: Train Loss = 0.6931, Val Loss = 0.6844, Val F1 = 0.0000
2025-02-14 21:16:15,718 - _main_ - INFO - Epoch 2: Train Loss = 0.7169, Val Loss = 0.6787, Val F1 = 0.0000
2025-02-14 21:16:29,947 - _main_ - INFO - Epoch 3: Train Loss = 0.6216, Val Loss = 0.6721, Val F1 = 0.0000
2025-02-14 21:16:43,048 - _main_ - INFO - Epoch 4: Train Loss = 0.6325, Val Loss = 0.6655, Val F1 = 0.0000
2025-02-14 21:16:56,892 - _main_ - INFO - Epoch 5: Train Loss = 0.6511, Val Loss = 0.6590, Val F1 = 0.0000
2025-02-14 21:16:56,892 - _main_ - INFO - Early stopping triggered after epoch 5
2025-02-14 21:16:56,892 - _main_ - INFO - Evaluating on test set...
2025-02-14 21:17:03,667 - _main_ - INFO - Test Metrics: {'accuracy': 1.0, 'precision': 1.0, 'recall': 1.0, 'f1': 1.0, 'auc_roc': nan}
2025-02-14 21:17:03,671 - _main_ - INFO - Model saved successfully
2025-02-14 21:17:03,672 - _main_ - INFO - Making predictions for example data...
2025-02-14 21:17:03,817 - _main_ - INFO - Predictions saved to prediction_results.csv
2025-02-14 21:39:50,535 - _main_ - INFO - Loading and preprocessing data...
2025-02-14 21:39:50,540 - _main_ - INFO - Preparing data loaders...
2025-02-14 21:39:50,540 - _main_ - INFO - Extracting text features...
2025-02-14 21:39:50,696 - _main_ - INFO - Extracting behavioral features...
2025-02-14 21:39:50,709 - _main_ - INFO - Training started
2025-02-14 21:40:18,381 - _main_ - INFO - Epoch 1: Train Loss = 0.7494, Val Loss = 0.7316, Val F1 = 0.0000
2025-02-14 21:40:31,666 - _main_ - INFO - Epoch 2: Train Loss = 0.7089, Val Loss = 0.7257, Val F1 = 0.0000
2025-02-14 21:40:45,695 - _main_ - INFO - Epoch 3: Train Loss = 0.6854, Val Loss = 0.7192, Val F1 = 0.0000
2025-02-14 21:40:59,656 - _main_ - INFO - Epoch 4: Train Loss = 0.6586, Val Loss = 0.7117, Val F1 = 0.0000
2025-02-14 21:41:12,837 - _main_ - INFO - Epoch 5: Train Loss = 0.6776, Val Loss = 0.7040, Val F1 = 0.0000
2025-02-14 21:41:12,837 - _main_ - INFO - Early stopping triggered after epoch 5
2025-02-14 21:41:12,838 - _main_ - INFO - Evaluating on test set...
2025-02-14 21:41:19,379 - _main_ - INFO - Test Metrics: {'accuracy': 1.0, 'precision': 1.0, 'recall': 1.0, 'f1': 1.0, 'auc_roc': nan}
2025-02-14 21:41:19,381 - _main_ - INFO - Model saved successfully
2025-02-14 21:41:19,382 - _main_ - INFO - Making predictions for example data...
2025-02-14 21:41:19,532 - _main_ - INFO - Predictions saved to prediction_results.csv
2025-02-14 21:53:17,448 - _main_ - INFO - Loading and preprocessing data...
2025-02-14 21:53:17,452 - _main_ - INFO - Preparing data loaders...
2025-02-14 21:53:17,452 - _main_ - INFO - Extracting text features...
2025-02-14 21:53:17,603 - _main_ - INFO - Extracting behavioral features...
2025-02-14 21:53:17,615 - _main_ - INFO - Training started
2025-02-14 21:53:44,690 - _main_ - INFO - Epoch 1: Train Loss = 0.8002, Val Loss = 0.7048, Val F1 = 0.0000
2025-02-14 21:53:57,841 - _main_ - INFO - Epoch 2: Train Loss = 0.6892, Val Loss = 0.6987, Val F1 = 0.0000
2025-02-14 21:54:10,943 - _main_ - INFO - Epoch 3: Train Loss = 0.7330, Val Loss = 0.6926, Val F1 = 0.0000
2025-02-14 21:54:24,000 - _main_ - INFO - Epoch 4: Train Loss = 0.6931, Val Loss = 0.6865, Val F1 = 0.0000
2025-02-14 21:54:37,137 - _main_ - INFO - Epoch 5: Train Loss = 0.6700, Val Loss = 0.6802, Val F1 = 0.0000
2025-02-14 21:54:37,138 - _main_ - INFO - Early stopping triggered after epoch 5
2025-02-14 21:54:37,138 - _main_ - INFO - Performing comprehensive evaluation...
2025-02-14 21:54:50,593 - _main_ - ERROR - An error occurred: Item wrong length 1 instead of 3.
2025-02-14 22:11:03,002 - _main_ - INFO - Loading and preprocessing data...
2025-02-14 22:11:03,007 - _main_ - INFO - Preparing data loaders...
2025-02-14 22:11:03,008 - _main_ - INFO - Extracting text features...
2025-02-14 22:11:03,153 - _main_ - INFO - Extracting behavioral features...
2025-02-14 22:11:03,164 - _main_ - INFO - Training started
2025-02-14 22:11:29,192 - _main_ - INFO - Epoch 1: Train Loss = 0.6931, Val Loss = 0.7043, Val F1 = 0.0000
2025-02-14 22:11:42,880 - _main_ - INFO - Epoch 2: Train Loss = 0.7089, Val Loss = 0.6968, Val F1 = 0.0000
2025-02-14 22:11:56,415 - _main_ - INFO - Epoch 3: Train Loss = 0.7330, Val Loss = 0.6889, Val F1 = 0.0000
2025-02-14 22:12:09,820 - _main_ - INFO - Epoch 4: Train Loss = 0.6815, Val Loss = 0.6815, Val F1 = 0.0000
2025-02-14 22:12:23,501 - _main_ - INFO - Epoch 5: Train Loss = 0.6624, Val Loss = 0.6744, Val F1 = 0.0000
2025-02-14 22:12:23,501 - _main_ - INFO - Early stopping triggered after epoch 5
2025-02-14 22:12:23,501 - _main_ - INFO - Evaluating on test set...
2025-02-14 22:12:30,091 - _main_ - INFO - Test Metrics: {'accuracy': 0.0, 'precision': 0.0, 'recall': 0.0, 'f1': 0.0, 'auc_roc': nan}
2025-02-14 22:12:30,094 - _main_ - INFO - Model saved successfully
2025-02-14 22:12:30,095 - _main_ - INFO - Making predictions for example data...
2025-02-14 22:12:30,228 - _main_ - INFO - Predictions saved to prediction_results.csv
2025-02-14 22:14:39,954 - _main_ - INFO - Loading and preprocessing data...
2025-02-14 22:14:39,960 - _main_ - INFO - Preparing data loaders...
2025-02-14 22:14:39,961 - _main_ - INFO - Extracting text features...
2025-02-14 22:14:40,154 - _main_ - INFO - Extracting behavioral features...
2025-02-14 22:14:40,173 - _main_ - INFO - Training started
2025-02-14 22:15:07,408 - _main_ - INFO - Epoch 1: Train Loss = 0.7010, Val Loss = 0.7124, Val F1 = 0.0000
2025-02-14 22:15:21,931 - _main_ - INFO - Epoch 2: Train Loss = 0.7010, Val Loss = 0.7066, Val F1 = 0.0000
2025-02-14 22:15:36,475 - _main_ - INFO - Epoch 3: Train Loss = 0.7330, Val Loss = 0.6999, Val F1 = 0.0000
2025-02-14 22:15:51,104 - _main_ - INFO - Epoch 4: Train Loss = 0.6252, Val Loss = 0.6928, Val F1 = 0.0000
2025-02-14 22:16:05,592 - _main_ - INFO - Epoch 5: Train Loss = 0.6252, Val Loss = 0.6857, Val F1 = 0.0000
2025-02-14 22:16:05,593 - _main_ - INFO - Early stopping triggered after epoch 5
2025-02-14 22:16:05,593 - _main_ - INFO - Evaluating on test set...
2025-02-14 22:16:12,460 - _main_ - INFO - Test Metrics: {'accuracy': 0.0, 'precision': 0.0, 'recall': 0.0, 'f1': 0.0, 'auc_roc': nan}
2025-02-14 22:16:12,465 - _main_ - INFO - Model saved successfully
2025-02-14 22:16:12,467 - _main_ - INFO - Making predictions for example data...
2025-02-14 22:16:12,645 - _main_ - INFO - Predictions saved to prediction_results.csv
2025-02-14 22:23:21,843 - _main_ - INFO - Loading and preprocessing data...
2025-02-14 22:23:21,848 - _main_ - INFO - Preparing data loaders...
2025-02-14 22:23:21,848 - _main_ - INFO - Extracting text features...
2025-02-14 22:23:21,995 - _main_ - INFO - Extracting behavioral features...
2025-02-14 22:23:22,007 - _main_ - INFO - Training started
2025-02-14 22:23:40,553 - _main_ - ERROR - An error occurred: DataLoader worker (pid(s) 31904, 15968, 43816, 42956) exited unexpectedly
2025-02-14 22:23:57,492 - _main_ - INFO - Loading and preprocessing data...
2025-02-14 22:23:57,496 - _main_ - INFO - Preparing data loaders...
2025-02-14 22:23:57,496 - _main_ - INFO - Extracting text features...
2025-02-14 22:23:57,639 - _main_ - INFO - Extracting behavioral features...
2025-02-14 22:23:57,653 - _main_ - INFO - Training started
2025-02-14 22:24:24,954 - _main_ - INFO - Epoch 1: Train Loss = 0.7830, Val Loss = 0.6497, Val F1 = 0.0000
2025-02-14 22:24:38,507 - _main_ - INFO - Epoch 2: Train Loss = 0.7577, Val Loss = 0.6427, Val F1 = 0.0000
2025-02-14 22:24:51,825 - _main_ - INFO - Epoch 3: Train Loss = 0.6662, Val Loss = 0.6359, Val F1 = 0.0000
2025-02-14 22:25:05,812 - _main_ - INFO - Epoch 4: Train Loss = 0.6738, Val Loss = 0.6286, Val F1 = 0.0000
2025-02-14 22:25:19,574 - _main_ - INFO - Epoch 5: Train Loss = 0.6738, Val Loss = 0.6213, Val F1 = 0.0000
2025-02-14 22:25:19,575 - _main_ - INFO - Early stopping triggered after epoch 5
2025-02-14 22:25:19,575 - _main_ - INFO - Evaluating on test set...
2025-02-14 22:25:26,191 - _main_ - INFO - Test Metrics: {'accuracy': 0.0, 'precision': 0.0, 'recall': 0.0, 'f1': 0.0, 'auc_roc': nan}
2025-02-14 22:25:26,194 - _main_ - INFO - Model saved successfully
2025-02-14 22:25:26,195 - _main_ - INFO - Making predictions for example data...
2025-02-14 22:25:26,335 - _main_ - INFO - Predictions saved to prediction_results.csv
2025-02-14 22:26:10,476 - _main_ - INFO - Loading and preprocessing data...
2025-02-14 22:26:10,481 - _main_ - INFO - Preparing data loaders...
2025-02-14 22:26:10,481 - _main_ - INFO - Extracting text features...
2025-02-14 22:26:10,632 - _main_ - INFO - Extracting behavioral features...
2025-02-14 22:26:10,644 - _main_ - INFO - Training started
2025-02-14 22:26:37,760 - _main_ - INFO - Epoch 1: Train Loss = 0.6436, Val Loss = 0.6755, Val F1 = 0.0000
2025-02-14 22:26:51,103 - _main_ - INFO - Epoch 2: Train Loss = 0.6107, Val Loss = 0.6702, Val F1 = 0.0000
2025-02-14 22:27:04,691 - _main_ - INFO - Epoch 3: Train Loss = 0.6000, Val Loss = 0.6638, Val F1 = 0.0000
2025-02-14 22:27:18,022 - _main_ - INFO - Epoch 4: Train Loss = 0.6143, Val Loss = 0.6575, Val F1 = 0.0000
2025-02-14 22:27:31,871 - _main_ - INFO - Epoch 5: Train Loss = 0.6252, Val Loss = 0.6514, Val F1 = 0.0000
2025-02-14 22:27:31,872 - _main_ - INFO - Early stopping triggered after epoch 5
2025-02-14 22:27:31,872 - _main_ - INFO - Evaluating on test set...
2025-02-14 22:27:39,068 - _main_ - INFO - Test Metrics: {'accuracy': 0.0, 'precision': 0.0, 'recall': 0.0, 'f1': 0.0, 'auc_roc': nan}
2025-02-14 22:27:39,071 - _main_ - INFO - Model saved successfully
2025-02-14 22:44:01,532 - _main_ - INFO - Loading and preprocessing data...
2025-02-14 22:44:01,535 - _main_ - ERROR - An error occurred: Missing required columns: ['User  ID']
2025-02-14 22:50:56,128 - _main_ - INFO - Loading and preprocessing data...
2025-02-14 22:50:56,132 - _main_ - INFO - Preparing data loaders...
2025-02-14 22:50:56,132 - _main_ - INFO - Extracting text features...
2025-02-14 22:50:56,283 - _main_ - INFO - Extracting behavioral features...
2025-02-14 22:50:56,295 - _main_ - INFO - Starting training...
2025-02-14 22:51:09,679 - _main_ - ERROR - An error occurred: autocast._init_() got an unexpected keyword argument 'device_type'
2025-02-14 22:52:45,357 - _main_ - INFO - Loading and preprocessing data...
2025-02-14 22:52:45,362 - _main_ - INFO - Preparing data loaders...
2025-02-14 22:52:45,362 - _main_ - INFO - Extracting text features...
2025-02-14 22:52:45,509 - _main_ - INFO - Extracting behavioral features...
2025-02-14 22:52:45,522 - _main_ - INFO - Starting training...
2025-02-14 22:53:05,623 - _main_ - INFO - Epoch 1: Train Loss = 0.7587, Val Loss = 0.6291, Val F1 = 0.0000
2025-02-14 22:53:19,250 - _main_ - INFO - Epoch 2: Train Loss = 0.7217, Val Loss = 0.6246, Val F1 = 0.0000
2025-02-14 22:53:32,458 - _main_ - INFO - Epoch 3: Train Loss = 0.7105, Val Loss = 0.6203, Val F1 = 0.0000
2025-02-14 22:53:45,852 - _main_ - INFO - Epoch 4: Train Loss = 0.6784, Val Loss = 0.6156, Val F1 = 0.0000
2025-02-14 22:53:58,926 - _main_ - INFO - Epoch 5: Train Loss = 0.7100, Val Loss = 0.6107, Val F1 = 0.0000
2025-02-14 22:53:58,927 - _main_ - INFO - Early stopping triggered after epoch 5
2025-02-14 22:53:58,927 - _main_ - INFO - Evaluating on test set...
2025-02-14 22:54:05,366 - _main_ - INFO - Test Metrics: {'accuracy': 0.0, 'precision': 0.0, 'recall': 0.0, 'f1': 0.0, 'auc_roc': nan}
2025-02-14 22:54:05,369 - _main_ - INFO - Model saved successfully
2025-02-14 23:04:19,423 - _main_ - INFO - Loading and preprocessing data...
2025-02-14 23:04:19,427 - _main_ - INFO - Preparing data loaders...
2025-02-14 23:04:19,427 - _main_ - INFO - Extracting text features...
2025-02-14 23:04:19,578 - _main_ - INFO - Extracting behavioral features...
2025-02-14 23:04:19,589 - _main_ - INFO - Starting training...
2025-02-14 23:04:39,163 - _main_ - INFO - Epoch 1: Train Loss = 0.8238, Val Loss = 0.7730, Val F1 = 0.0000
2025-02-14 23:04:52,954 - _main_ - INFO - Epoch 2: Train Loss = 0.8302, Val Loss = 0.7663, Val F1 = 0.0000
2025-02-14 23:04:57,993 - _main_ - ERROR - An error occurred: DataLoader worker (pid(s) 21352, 48196, 33248, 18040) exited unexpectedly
2025-02-14 23:05:20,834 - _main_ - INFO - Loading and preprocessing data...
2025-02-14 23:05:20,838 - _main_ - INFO - Preparing data loaders...
2025-02-14 23:05:20,838 - _main_ - INFO - Extracting text features...
2025-02-14 23:05:20,977 - _main_ - INFO - Extracting behavioral features...
2025-02-14 23:05:20,992 - _main_ - INFO - Starting training...
2025-02-14 23:05:40,413 - _main_ - INFO - Epoch 1: Train Loss = 0.6350, Val Loss = 0.6463, Val F1 = 0.0000
2025-02-14 23:05:53,326 - _main_ - INFO - Epoch 2: Train Loss = 0.6552, Val Loss = 0.6414, Val F1 = 0.0000
2025-02-14 23:06:06,215 - _main_ - INFO - Epoch 3: Train Loss = 0.5709, Val Loss = 0.6354, Val F1 = 0.0000
2025-02-14 23:06:19,156 - _main_ - INFO - Epoch 4: Train Loss = 0.6131, Val Loss = 0.6294, Val F1 = 0.0000
2025-02-14 23:06:32,162 - _main_ - INFO - Epoch 5: Train Loss = 0.5783, Val Loss = 0.6236, Val F1 = 0.0000
2025-02-14 23:06:32,162 - _main_ - INFO - Early stopping triggered after epoch 5
2025-02-14 23:06:32,163 - _main_ - INFO - Evaluating on test set...
2025-02-14 23:06:38,571 - _main_ - INFO - Test Metrics: {'accuracy': 0.0, 'precision': 0.0, 'recall': 0.0, 'f1': 0.0, 'auc_roc': nan}
2025-02-14 23:06:38,574 - _main_ - INFO - Model saved successfully
2025-02-14 23:06:38,575 - _main_ - ERROR - An error occurred: 'post_frequency'
2025-02-14 23:10:08,670 - _main_ - INFO - Loading and preprocessing data...
2025-02-14 23:10:08,687 - _main_ - INFO - Preparing data loaders...
2025-02-14 23:10:08,687 - _main_ - INFO - Extracting text features...
2025-02-14 23:10:08,834 - _main_ - INFO - Extracting behavioral features...
2025-02-14 23:10:08,844 - _main_ - INFO - Starting training...
2025-02-14 23:10:28,794 - _main_ - INFO - Epoch 1: Train Loss = 0.7382, Val Loss = 0.6713, Val F1 = 0.0000
2025-02-14 23:10:41,932 - _main_ - INFO - Epoch 2: Train Loss = 0.6762, Val Loss = 0.6650, Val F1 = 0.0000
2025-02-14 23:10:55,624 - _main_ - INFO - Epoch 3: Train Loss = 0.6610, Val Loss = 0.6580, Val F1 = 0.0000
2025-02-14 23:11:09,178 - _main_ - INFO - Epoch 4: Train Loss = 0.6197, Val Loss = 0.6512, Val F1 = 0.0000
2025-02-14 23:11:22,972 - _main_ - INFO - Epoch 5: Train Loss = 0.5959, Val Loss = 0.6442, Val F1 = 0.0000
2025-02-14 23:11:22,973 - _main_ - INFO - Early stopping triggered after epoch 5
2025-02-14 23:11:22,973 - _main_ - INFO - Evaluating on test set...
2025-02-14 23:11:30,485 - _main_ - INFO - Test Metrics: {'accuracy': 0.0, 'precision': 0.0, 'recall': 0.0, 'f1': 0.0, 'auc_roc': nan}
2025-02-14 23:11:30,489 - _main_ - INFO - Model saved successfully
2025-02-14 23:11:30,490 - _main_ - ERROR - An error occurred: 'follower_impact'
2025-02-14 23:13:08,160 - _main_ - INFO - Loading and preprocessing data...
2025-02-14 23:13:08,175 - _main_ - INFO - Preparing data loaders...
2025-02-14 23:13:08,175 - _main_ - INFO - Extracting text features...
2025-02-14 23:13:08,370 - _main_ - INFO - Extracting behavioral features...
2025-02-14 23:13:08,386 - _main_ - INFO - Starting training...
2025-02-14 23:13:28,056 - _main_ - INFO - Epoch 1: Train Loss = 0.7431, Val Loss = 0.6892, Val F1 = 0.0000
2025-02-14 23:13:41,419 - _main_ - INFO - Epoch 2: Train Loss = 0.6770, Val Loss = 0.6827, Val F1 = 0.0000
2025-02-14 23:13:54,826 - _main_ - INFO - Epoch 3: Train Loss = 0.6792, Val Loss = 0.6766, Val F1 = 0.0000
2025-02-14 23:14:08,432 - _main_ - INFO - Epoch 4: Train Loss = 0.7502, Val Loss = 0.6703, Val F1 = 0.0000
2025-02-14 23:14:22,067 - _main_ - INFO - Epoch 5: Train Loss = 0.6815, Val Loss = 0.6639, Val F1 = 0.0000
2025-02-14 23:14:22,068 - _main_ - INFO - Early stopping triggered after epoch 5
2025-02-14 23:14:22,068 - _main_ - INFO - Evaluating on test set...
2025-02-14 23:14:28,743 - _main_ - INFO - Test Metrics: {'accuracy': 0.0, 'precision': 0.0, 'recall': 0.0, 'f1': 0.0, 'auc_roc': nan}
2025-02-14 23:14:28,748 - _main_ - INFO - Model saved successfully
2025-02-14 23:14:28,749 - _main_ - ERROR - An error occurred: 'is_verified'
2025-02-14 23:16:51,762 - _main_ - INFO - Loading and preprocessing data...
2025-02-14 23:16:51,770 - _main_ - INFO - Preparing data loaders...
2025-02-14 23:16:51,770 - _main_ - INFO - Extracting text features...
2025-02-14 23:16:51,969 - _main_ - INFO - Extracting behavioral features...
2025-02-14 23:16:51,988 - _main_ - INFO - Training started
2025-02-14 23:17:20,677 - _main_ - INFO - Epoch 1: Train Loss = 0.6071, Val Loss = 0.6871, Val F1 = 0.0000
2025-02-14 23:17:34,249 - _main_ - INFO - Epoch 2: Train Loss = 0.7169, Val Loss = 0.6814, Val F1 = 0.0000
2025-02-14 23:17:47,852 - _main_ - INFO - Epoch 3: Train Loss = 0.6473, Val Loss = 0.6751, Val F1 = 0.0000
2025-02-14 23:18:01,718 - _main_ - INFO - Epoch 4: Train Loss = 0.6399, Val Loss = 0.6685, Val F1 = 0.0000
2025-02-14 23:18:16,135 - _main_ - INFO - Epoch 5: Train Loss = 0.6143, Val Loss = 0.6619, Val F1 = 0.0000
2025-02-14 23:18:16,135 - _main_ - INFO - Early stopping triggered after epoch 5
2025-02-14 23:18:16,135 - _main_ - INFO - Evaluating on test set...
2025-02-14 23:18:23,400 - _main_ - INFO - Test Metrics: {'accuracy': 1.0, 'precision': 1.0, 'recall': 1.0, 'f1': 1.0, 'auc_roc': nan}
2025-02-14 23:18:23,404 - _main_ - INFO - Model saved successfully